<?xml version="1.0" encoding="UTF-8"?>
<!-- Generated by org.testng.reporters.JUnitReportReporter -->
<testsuite hostname="Vijay" failures="0" tests="3" name="com.testngfeatures.Grouping" time="0.014" errors="0" timestamp="2024-02-17T22:45:12 IST" skipped="0">
  <testcase classname="com.testngfeatures.Grouping" name="f" time="0.011"/>
  <system-out/>
  <testcase classname="com.testngfeatures.Grouping" name="f4" time="0.002"/>
  <system-out/>
  <testcase classname="com.testngfeatures.Grouping" name="f3" time="0.001"/>
  <system-out/>
</testsuite> <!-- com.testngfeatures.Grouping -->
