<?xml version="1.0" encoding="UTF-8"?>
<!-- Generated by org.testng.reporters.JUnitReportReporter -->
<testsuite hostname="Vijay" failures="0" tests="1" name="com.testngfeatures.Annotations" time="0.006" errors="0" timestamp="2024-02-17T19:42:05 IST" skipped="0">
  <testcase classname="com.testngfeatures.Annotations" name="f" time="0.006"/>
  <system-out/>
</testsuite> <!-- com.testngfeatures.Annotations -->
