<?xml version="1.0" encoding="UTF-8"?>
<!-- Generated by org.testng.reporters.JUnitReportReporter -->
<testsuite hostname="Vijay" failures="0" tests="2" name="com.testngfeatures.Exception1$Exception" time="6.370" errors="0" timestamp="2024-02-15T23:34:09 IST" skipped="0">
  <testcase classname="com.testngfeatures.Exception1$Exception" name="f" time="6.196"/>
  <system-out/>
  <testcase classname="com.testngfeatures.Exception1$Exception" name="f2" time="0.174"/>
  <system-out/>
</testsuite> <!-- com.testngfeatures.Exception1$Exception -->
