<?xml version="1.0" encoding="UTF-8"?>
<!-- Generated by org.testng.reporters.JUnitReportReporter -->
<testsuite hostname="Vijay" failures="0" tests="2" name="com.testngfeatures.ignore" time="16.334" errors="0" timestamp="2024-02-10T13:03:30 IST" skipped="0">
  <testcase classname="com.testngfeatures.ignore" name="f1" time="7.941"/>
  <system-out/>
  <testcase classname="com.testngfeatures.ignore" name="f3" time="8.393"/>
  <system-out/>
</testsuite> <!-- com.testngfeatures.ignore -->
