<?xml version="1.0" encoding="UTF-8"?>
<!-- Generated by org.testng.reporters.JUnitReportReporter -->
<testsuite hostname="Vijay" failures="0" tests="2" name="com.testngfeatures.Softassert" time="0.017" errors="0" timestamp="2024-02-17T22:11:35 IST" skipped="0">
  <testcase classname="com.testngfeatures.Softassert" name="f2" time="0.003"/>
  <system-out/>
  <testcase classname="com.testngfeatures.Softassert" name="f" time="0.014"/>
  <system-out/>
</testsuite> <!-- com.testngfeatures.Softassert -->
