<?xml version="1.0" encoding="UTF-8"?>
<!-- Generated by org.testng.reporters.JUnitReportReporter -->
<testsuite hostname="Vijay" failures="0" tests="3" name="com.testngfeatures.Priority" time="65.563" errors="0" timestamp="2024-02-15T23:55:12 IST" skipped="0">
  <testcase classname="com.testngfeatures.Priority" name="f1" time="16.432"/>
  <system-out/>
  <testcase classname="com.testngfeatures.Priority" name="f2" time="26.207"/>
  <system-out/>
  <testcase classname="com.testngfeatures.Priority" name="f3" time="22.924"/>
  <system-out/>
</testsuite> <!-- com.testngfeatures.Priority -->
