<?xml version="1.0" encoding="UTF-8"?>
<!-- Generated by org.testng.reporters.JUnitReportReporter -->
<testsuite hostname="Vijay" failures="0" tests="2" name="com.testngfeatures.Exception" time="7.832" errors="0" timestamp="2024-02-12T11:27:33 IST" skipped="0">
  <testcase classname="com.testngfeatures.Exception" name="f" time="6.385"/>
  <system-out/>
  <testcase classname="com.testngfeatures.Exception" name="f2" time="1.447"/>
  <system-out/>
</testsuite> <!-- com.testngfeatures.Exception -->
