<?xml version="1.0" encoding="UTF-8"?>
<!-- Generated by org.testng.reporters.JUnitReportReporter -->
<testsuite hostname="Vijay" failures="0" tests="3" name="com.testngfeatures.Parallel" time="28.603" errors="0" timestamp="2024-02-16T09:10:33 IST" skipped="0">
  <testcase classname="com.testngfeatures.Parallel" name="f" time="7.311"/>
  <system-out/>
  <testcase classname="com.testngfeatures.Parallel" name="f3" time="9.849"/>
  <system-out/>
  <testcase classname="com.testngfeatures.Parallel" name="f2" time="11.443"/>
  <system-out/>
</testsuite> <!-- com.testngfeatures.Parallel -->
