<?xml version="1.0" encoding="UTF-8"?>
<!-- Generated by org.testng.reporters.JUnitReportReporter -->
<testsuite hostname="Vijay" failures="0" tests="8" name="com.testngfeatures.Invocation" time="17.510" errors="0" timestamp="2024-02-10T13:05:33 IST" skipped="0">
  <testcase classname="com.testngfeatures.Invocation" name="f" time="5.957"/>
  <system-out/>
  <testcase classname="com.testngfeatures.Invocation" name="f2" time="1.089"/>
  <system-out/>
  <testcase classname="com.testngfeatures.Invocation" name="f2" time="1.108"/>
  <system-out/>
  <testcase classname="com.testngfeatures.Invocation" name="f2" time="1.178"/>
  <system-out/>
  <testcase classname="com.testngfeatures.Invocation" name="f1" time="2.284"/>
  <system-out/>
  <testcase classname="com.testngfeatures.Invocation" name="f1" time="2.336"/>
  <system-out/>
  <testcase classname="com.testngfeatures.Invocation" name="f1" time="2.234"/>
  <system-out/>
  <testcase classname="com.testngfeatures.Invocation" name="f3" time="1.324"/>
  <system-out/>
</testsuite> <!-- com.testngfeatures.Invocation -->
