<?xml version="1.0" encoding="UTF-8"?>
<!-- Generated by org.testng.reporters.JUnitReportReporter -->
<testsuite hostname="Vijay" failures="0" tests="3" name="com.testngfeatures.Dependsonmethods" time="0.020" errors="0" timestamp="2024-02-17T19:49:21 IST" skipped="0">
  <testcase classname="com.testngfeatures.Dependsonmethods" name="f3" time="0.006"/>
  <system-out/>
  <testcase classname="com.testngfeatures.Dependsonmethods" name="f" time="0.010"/>
  <system-out/>
  <testcase classname="com.testngfeatures.Dependsonmethods" name="f2" time="0.004"/>
  <system-out/>
</testsuite> <!-- com.testngfeatures.Dependsonmethods -->
