<?xml version="1.0" encoding="UTF-8"?>
<!-- Generated by org.testng.reporters.JUnitReportReporter -->
<testsuite hostname="Vijay" failures="0" tests="4" name="com.testngfeatures.Dataprovider" time="0.016" errors="0" timestamp="2024-02-17T19:39:49 IST" skipped="0">
  <testcase classname="com.testngfeatures.Dataprovider" name="f1" time="0.001"/>
  <system-out/>
  <testcase classname="com.testngfeatures.Dataprovider" name="f1" time="0.003"/>
  <system-out/>
  <testcase classname="com.testngfeatures.Dataprovider" name="f1" time="0.011"/>
  <system-out/>
  <testcase classname="com.testngfeatures.Dataprovider" name="f1" time="0.001"/>
  <system-out/>
</testsuite> <!-- com.testngfeatures.Dataprovider -->
