<?xml version="1.0" encoding="UTF-8"?>
<!-- Generated by org.testng.reporters.JUnitReportReporter -->
<testsuite hostname="Vijay" failures="0" tests="2" name="com.testngfeatures.Timeup" time="12.498" errors="0" timestamp="2024-02-10T13:07:19 IST" skipped="0">
  <testcase classname="com.testngfeatures.Timeup" name="f" time="10.056"/>
  <system-out/>
  <testcase classname="com.testngfeatures.Timeup" name="f1" time="2.442"/>
  <system-out/>
</testsuite> <!-- com.testngfeatures.Timeup -->
